2022-06-15 12:55:40 [127.0.0.1][-][qq1f4iujd9rtm9shsk7tm7bd7s0mdmbb][error][yii\base\ViewNotFoundException] yii\base\ViewNotFoundException: The view file does not exist: D:\OpenServer\domains\yii2\bot.quiz.loc\frontend\views\tg-user\index.php in D:\OpenServer\domains\yii2\bot.quiz.loc\vendor\yiisoft\yii2\base\View.php:233
Stack trace:
#0 D:\OpenServer\domains\yii2\bot.quiz.loc\vendor\yiisoft\yii2\base\View.php(156): yii\base\View->renderFile()
#1 D:\OpenServer\domains\yii2\bot.quiz.loc\vendor\yiisoft\yii2\base\Controller.php(407): yii\base\View->render()
#2 D:\OpenServer\domains\yii2\bot.quiz.loc\frontend\controllers\TgUserController.php(46): yii\base\Controller->render()
#3 [internal function]: frontend\controllers\TgUserController->actionIndex()
#4 D:\OpenServer\domains\yii2\bot.quiz.loc\vendor\yiisoft\yii2\base\InlineAction.php(57): call_user_func_array()
#5 D:\OpenServer\domains\yii2\bot.quiz.loc\vendor\yiisoft\yii2\base\Controller.php(178): yii\base\InlineAction->runWithParams()
#6 D:\OpenServer\domains\yii2\bot.quiz.loc\vendor\yiisoft\yii2\base\Module.php(552): yii\base\Controller->runAction()
#7 D:\OpenServer\domains\yii2\bot.quiz.loc\vendor\yiisoft\yii2\web\Application.php(103): yii\base\Module->runAction()
#8 D:\OpenServer\domains\yii2\bot.quiz.loc\vendor\yiisoft\yii2\base\Application.php(384): yii\web\Application->handleRequest()
#9 D:\OpenServer\domains\yii2\bot.quiz.loc\frontend\web\index.php(18): yii\base\Application->run()
#10 {main}
2022-06-15 12:55:40 [127.0.0.1][-][qq1f4iujd9rtm9shsk7tm7bd7s0mdmbb][info][application] $_GET = []

$_POST = []

$_FILES = []

$_COOKIE = [
    'advanced-frontend' => 'qq1f4iujd9rtm9shsk7tm7bd7s0mdmbb'
    '_csrf-frontend' => 'afdcdefd9b700489c1932a7c804467065897d7450ba45ae70575ee94ef2f779aa:2:{i:0;s:14:\"_csrf-frontend\";i:1;s:32:\"HIfonib5kR-nBbguU2SE2iB8uw2K0p3H\";}'
]

$_SESSION = [
    '__flash' => []
]

$_SERVER = [
    'REDIRECT_STATUS' => '200'
    'HTTP_HOST' => 'bot.quiz.loc'
    'HTTP_CONNECTION' => 'keep-alive'
    'HTTP_UPGRADE_INSECURE_REQUESTS' => '1'
    'HTTP_USER_AGENT' => 'Mozilla/5.0 (Windows NT 10.0; Win64; x64) AppleWebKit/537.36 (KHTML, like Gecko) Chrome/102.0.0.0 Safari/537.36'
    'HTTP_ACCEPT' => 'text/html,application/xhtml+xml,application/xml;q=0.9,image/avif,image/webp,image/apng,*/*;q=0.8,application/signed-exchange;v=b3;q=0.9'
    'HTTP_ACCEPT_ENCODING' => 'gzip, deflate'
    'HTTP_ACCEPT_LANGUAGE' => 'ru-RU,ru;q=0.9,en-US;q=0.8,en;q=0.7,uz;q=0.6'
    'HTTP_COOKIE' => 'advanced-frontend=qq1f4iujd9rtm9shsk7tm7bd7s0mdmbb; _csrf-frontend=afdcdefd9b700489c1932a7c804467065897d7450ba45ae70575ee94ef2f779aa%3A2%3A%7Bi%3A0%3Bs%3A14%3A%22_csrf-frontend%22%3Bi%3A1%3Bs%3A32%3A%22HIfonib5kR-nBbguU2SE2iB8uw2K0p3H%22%3B%7D'
    'PATH' => 'd:\\openserver\\modules\\php\\PHP_7.4\\ext;d:\\openserver\\modules\\php\\PHP_7.4\\pear;d:\\openserver\\modules\\php\\PHP_7.4\\pear\\bin;d:\\openserver\\modules\\php\\PHP_7.4;d:\\openserver\\modules\\wget\\bin;d:\\openserver\\modules\\database\\MySQL-5.7\\bin;d:\\openserver\\modules\\database\\PostgreSQL-9.5\\bin;d:\\openserver\\modules\\database\\PostgreSQL-9.5\\lib;d:\\openserver\\modules\\database\\MongoDB-4.2;d:\\openserver\\modules\\http\\Apache_2.4-PHP_7.2-7.4\\bin;d:\\openserver\\modules\\http\\Apache_2.4-PHP_7.2-7.4;C:\\Windows\\system32;C:\\Windows;C:\\Windows\\system32\\Wbem;C:\\Windows\\SysWOW64'
    'SystemRoot' => 'C:\\Windows'
    'COMSPEC' => 'C:\\Windows\\system32\\cmd.exe'
    'PATHEXT' => '.COM;.EXE;.BAT;.CMD;.VBS;.VBE;.JS;.JSE;.WSF;.WSH;.MSC'
    'WINDIR' => 'C:\\Windows'
    'SERVER_SIGNATURE' => ''
    'SERVER_SOFTWARE' => 'Apache'
    'SERVER_NAME' => 'bot.quiz.loc'
    'SERVER_ADDR' => '127.0.0.1'
    'SERVER_PORT' => '80'
    'REMOTE_ADDR' => '127.0.0.1'
    'DOCUMENT_ROOT' => 'D:/OpenServer/domains/yii2/bot.quiz.loc'
    'REQUEST_SCHEME' => 'http'
    'CONTEXT_PREFIX' => ''
    'CONTEXT_DOCUMENT_ROOT' => 'D:/OpenServer/domains/yii2/bot.quiz.loc'
    'SERVER_ADMIN' => '[no address given]'
    'SCRIPT_FILENAME' => 'D:/OpenServer/domains/yii2/bot.quiz.loc/frontend/web/index.php'
    'REMOTE_PORT' => '52368'
    'REDIRECT_URL' => '/tg-user/index'
    'GATEWAY_INTERFACE' => 'CGI/1.1'
    'SERVER_PROTOCOL' => 'HTTP/1.1'
    'REQUEST_METHOD' => 'GET'
    'QUERY_STRING' => ''
    'REQUEST_URI' => '/tg-user/index'
    'SCRIPT_NAME' => '/frontend/web/index.php'
    'PHP_SELF' => '/frontend/web/index.php'
    'REQUEST_TIME_FLOAT' => 1655286940.5073
    'REQUEST_TIME' => 1655286940
]
